<?xml version="1.0" encoding="UTF-8"?>
<testsuites>
  <testsuite name="tests" tests="28" assertions="715" failures="0" errors="0" time="496.415266">
    <testsuite name="InstallTest" file="C:\xampp\htdocs\joomla_development\cms-trunk\tests\system\webdriver\tests\installation\InstallTest.php" tests="1" assertions="14" failures="0" errors="0" time="26.808199">
      <testcase name="install_NormalInstallFromConfig_ShouldInstall" class="InstallTest" file="C:\xampp\htdocs\joomla_development\cms-trunk\tests\system\webdriver\tests\installation\InstallTest.php" line="17" assertions="14" time="26.808199"/>
    </testsuite>
    <testsuite name="ControlPanel0001Test" file="C:\xampp\htdocs\joomla_development\cms-trunk\tests\system\webdriver\tests\control_panel\ControlPanel0001Test.php" tests="2" assertions="185" failures="0" errors="0" time="84.425721">
      <testcase name="doAdminLogin_NormalLogin_LogsIntoBackEnd" class="ControlPanel0001Test" file="C:\xampp\htdocs\joomla_development\cms-trunk\tests\system\webdriver\tests\control_panel\ControlPanel0001Test.php" line="17" assertions="117" time="11.150437"/>
      <testcase name="clickMenu_LoadBackendMenuLinks_LinksShouldLoad" class="ControlPanel0001Test" file="C:\xampp\htdocs\joomla_development\cms-trunk\tests\system\webdriver\tests\control_panel\ControlPanel0001Test.php" line="62" assertions="68" time="73.275284"/>
    </testsuite>
    <testsuite name="GlobalConfiguration0001Test" file="C:\xampp\htdocs\joomla_development\cms-trunk\tests\system\webdriver\tests\control_panel\GlobalConfiguration0001Test.php" tests="2" assertions="26" failures="0" errors="0" time="28.982235">
      <testcase name="getTabIds_ScreenLoaded_TabIdsShouldEqualExpected" class="GlobalConfiguration0001Test" file="C:\xampp\htdocs\joomla_development\cms-trunk\tests\system\webdriver\tests\control_panel\GlobalConfiguration0001Test.php" line="36" assertions="13" time="9.983125"/>
      <testcase name="getAllInputFields_ScreenLoaded_InputFieldsShouldMatchExpected" class="GlobalConfiguration0001Test" file="C:\xampp\htdocs\joomla_development\cms-trunk\tests\system\webdriver\tests\control_panel\GlobalConfiguration0001Test.php" line="46" assertions="13" time="18.999110"/>
    </testsuite>
    <testsuite name="GroupManager0001Test" file="C:\xampp\htdocs\joomla_development\cms-trunk\tests\system\webdriver\tests\users\GroupManager0001Test.php" tests="5" assertions="104" failures="0" errors="0" time="63.232329">
      <testcase name="constructor_OpenEditScreen_GroupEditOpened" class="GroupManager0001Test" file="C:\xampp\htdocs\joomla_development\cms-trunk\tests\system\webdriver\tests\users\GroupManager0001Test.php" line="40" assertions="14" time="7.595683"/>
      <testcase name="getAllInputFields_ScreenDisplayed_EqualExpected" class="GroupManager0001Test" file="C:\xampp\htdocs\joomla_development\cms-trunk\tests\system\webdriver\tests\users\GroupManager0001Test.php" line="51" assertions="15" time="7.680889"/>
      <testcase name="add_WithFieldDefaults_Added" class="GroupManager0001Test" file="C:\xampp\htdocs\joomla_development\cms-trunk\tests\system\webdriver\tests\users\GroupManager0001Test.php" line="71" assertions="22" time="15.540320"/>
      <testcase name="addGroup_WithGivenFields_GroupAdded" class="GroupManager0001Test" file="C:\xampp\htdocs\joomla_development\cms-trunk\tests\system\webdriver\tests\users\GroupManager0001Test.php" line="85" assertions="26" time="14.711125"/>
      <testcase name="editGroup_ChangeFields_FieldsChanged" class="GroupManager0001Test" file="C:\xampp\htdocs\joomla_development\cms-trunk\tests\system\webdriver\tests\users\GroupManager0001Test.php" line="104" assertions="27" time="17.704313"/>
    </testsuite>
    <testsuite name="LevelManager0001Test" file="C:\xampp\htdocs\joomla_development\cms-trunk\tests\system\webdriver\tests\users\LevelManager0001Test.php" tests="5" assertions="106" failures="0" errors="0" time="63.736397">
      <testcase name="constructor_OpenEditScreen_LevelEditOpened" class="LevelManager0001Test" file="C:\xampp\htdocs\joomla_development\cms-trunk\tests\system\webdriver\tests\users\LevelManager0001Test.php" line="40" assertions="14" time="7.928026"/>
      <testcase name="getAllInputFields_ScreenDisplayed_EqualExpected" class="LevelManager0001Test" file="C:\xampp\htdocs\joomla_development\cms-trunk\tests\system\webdriver\tests\users\LevelManager0001Test.php" line="51" assertions="15" time="8.056661"/>
      <testcase name="add_WithFieldDefaults_Added" class="LevelManager0001Test" file="C:\xampp\htdocs\joomla_development\cms-trunk\tests\system\webdriver\tests\users\LevelManager0001Test.php" line="71" assertions="22" time="13.068763"/>
      <testcase name="addLevel_WithGivenFields_LevelAdded" class="LevelManager0001Test" file="C:\xampp\htdocs\joomla_development\cms-trunk\tests\system\webdriver\tests\users\LevelManager0001Test.php" line="85" assertions="27" time="16.257587"/>
      <testcase name="editLevel_ChangeFields_FieldsChanged" class="LevelManager0001Test" file="C:\xampp\htdocs\joomla_development\cms-trunk\tests\system\webdriver\tests\users\LevelManager0001Test.php" line="106" assertions="28" time="18.425360"/>
    </testsuite>
    <testsuite name="UserManager0001Test" file="C:\xampp\htdocs\joomla_development\cms-trunk\tests\system\webdriver\tests\users\UserManager0001Test.php" tests="7" assertions="154" failures="0" errors="0" time="136.293984">
      <testcase name="constructor_OpenEditScreen_UserEditOpened" class="UserManager0001Test" file="C:\xampp\htdocs\joomla_development\cms-trunk\tests\system\webdriver\tests\users\UserManager0001Test.php" line="40" assertions="14" time="8.379658"/>
      <testcase name="getTabIds_ScreenDisplayed_EqualExpected" class="UserManager0001Test" file="C:\xampp\htdocs\joomla_development\cms-trunk\tests\system\webdriver\tests\users\UserManager0001Test.php" line="51" assertions="15" time="9.716298"/>
      <testcase name="getAllInputFields_ScreenDisplayed_EqualExpected" class="UserManager0001Test" file="C:\xampp\htdocs\joomla_development\cms-trunk\tests\system\webdriver\tests\users\UserManager0001Test.php" line="64" assertions="15" time="10.648307"/>
      <testcase name="addUser_WithFieldDefaults_UserAdded" class="UserManager0001Test" file="C:\xampp\htdocs\joomla_development\cms-trunk\tests\system\webdriver\tests\users\UserManager0001Test.php" line="84" assertions="22" time="19.044260"/>
      <testcase name="addUser_WithGivenFields_UserAdded" class="UserManager0001Test" file="C:\xampp\htdocs\joomla_development\cms-trunk\tests\system\webdriver\tests\users\UserManager0001Test.php" line="98" assertions="31" time="29.193864"/>
      <testcase name="editUser_ChangeFields_FieldsChanged" class="UserManager0001Test" file="C:\xampp\htdocs\joomla_development\cms-trunk\tests\system\webdriver\tests\users\UserManager0001Test.php" line="122" assertions="33" time="35.850152"/>
      <testcase name="changeUserState_ChangeEnabledUsingToolbar_EnabledChanged" class="UserManager0001Test" file="C:\xampp\htdocs\joomla_development\cms-trunk\tests\system\webdriver\tests\users\UserManager0001Test.php" line="148" assertions="24" time="23.461445"/>
    </testsuite>
    <testsuite name="UserManager0002Test" file="C:\xampp\htdocs\joomla_development\cms-trunk\tests\system\webdriver\tests\users\UserManager0002Test.php" tests="3" assertions="75" failures="0" errors="0" time="52.651912">
      <testcase name="getFilters_GetListOfFilters_ShouldMatchExpected" class="UserManager0002Test" file="C:\xampp\htdocs\joomla_development\cms-trunk\tests\system\webdriver\tests\users\UserManager0002Test.php" line="40" assertions="11" time="5.094860"/>
      <testcase name="setFilter_SetFilterValues_ShouldExecuteFilter" class="UserManager0002Test" file="C:\xampp\htdocs\joomla_development\cms-trunk\tests\system\webdriver\tests\users\UserManager0002Test.php" line="50" assertions="15" time="8.033998"/>
      <testcase name="setFilter_TestFilters_ShouldFilterUsers" class="UserManager0002Test" file="C:\xampp\htdocs\joomla_development\cms-trunk\tests\system\webdriver\tests\users\UserManager0002Test.php" line="63" assertions="49" time="39.523054"/>
    </testsuite>
    <testsuite name="UserNotesManager0001Test" file="C:\xampp\htdocs\joomla_development\cms-trunk\tests\system\webdriver\tests\users\UserNotesManager0001Test.php" tests="3" assertions="51" failures="0" errors="0" time="40.284489">
      <testcase name="constructor_OpenEditScreen_UserNotesEditOpened" class="UserNotesManager0001Test" file="C:\xampp\htdocs\joomla_development\cms-trunk\tests\system\webdriver\tests\users\UserNotesManager0001Test.php" line="40" assertions="14" time="9.443354"/>
      <testcase name="getAllInputFields_ScreenDisplayed_EqualExpected" class="UserNotesManager0001Test" file="C:\xampp\htdocs\joomla_development\cms-trunk\tests\system\webdriver\tests\users\UserNotesManager0001Test.php" line="51" assertions="15" time="9.318654"/>
      <testcase name="add_WithFieldDefaults_Added" class="UserNotesManager0001Test" file="C:\xampp\htdocs\joomla_development\cms-trunk\tests\system\webdriver\tests\users\UserNotesManager0001Test.php" line="71" assertions="22" time="21.522481"/>
    </testsuite>
  </testsuite>
</testsuites>
